2025-10-28 11:18:37 [main] INFO  BaseTest - conig.properties file loadded successfully
2025-10-28 11:18:41 [main] INFO  BaseTest - chrome driver instance created
2025-10-28 11:18:41 [main] INFO  BaseTest - window maximized
2025-10-28 11:18:43 [main] INFO  BaseTest - opens the App URL
2025-10-28 11:18:44 [main] INFO  BasePage - applied the border with colour- red to elementBy.id: LastName
2025-10-28 11:18:58 [main] INFO  BaseTest - webdriver closed successfully
2025-10-28 11:18:58 [main] INFO  ExtentreportManager - flushing extent report
2025-10-28 11:33:19 [TestNG-test-parallelTest-1] INFO  BaseTest - conig.properties file loadded successfully
2025-10-28 11:33:25 [TestNG-test-parallelTest-1] INFO  BaseTest - chrome driver instance created
2025-10-28 11:33:25 [TestNG-test-parallelTest-1] INFO  BaseTest - window maximized
2025-10-28 11:33:27 [TestNG-test-parallelTest-1] INFO  BaseTest - opens the App URL
2025-10-28 11:33:29 [TestNG-test-parallelTest-1] INFO  BasePage - applied the border with colour- red to elementBy.id: LastName
2025-10-28 11:33:44 [TestNG-test-parallelTest-1] INFO  BaseTest - webdriver closed successfully
2025-10-28 11:35:38 [TestNG-test-parallelTest-2] INFO  BaseTest - conig.properties file loadded successfully
2025-10-28 11:35:38 [TestNG-test-parallelTest-1] INFO  BaseTest - conig.properties file loadded successfully
2025-10-28 11:35:47 [TestNG-test-parallelTest-2] INFO  BaseTest - chrome driver instance created
2025-10-28 11:35:47 [TestNG-test-parallelTest-1] INFO  BaseTest - chrome driver instance created
2025-10-28 11:35:47 [TestNG-test-parallelTest-1] INFO  BaseTest - window maximized
2025-10-28 11:35:47 [TestNG-test-parallelTest-2] INFO  BaseTest - window maximized
2025-10-28 11:35:48 [TestNG-test-parallelTest-2] INFO  BaseTest - opens the App URL
2025-10-28 11:35:49 [TestNG-test-parallelTest-1] INFO  BaseTest - opens the App URL
2025-10-28 11:35:54 [TestNG-test-parallelTest-1] INFO  BasePage - applied the border with colour- red to elementBy.id: LastName
2025-10-28 11:36:04 [TestNG-test-parallelTest-2] INFO  BaseTest - webdriver closed successfully
2025-10-28 11:36:06 [TestNG-test-parallelTest-1] INFO  BaseTest - webdriver closed successfully
2025-10-28 11:36:06 [main] INFO  ExtentreportManager - flushing extent report
2025-10-30 10:57:32 [main] INFO  BaseTest - conig.properties file loadded successfully
2025-10-30 10:57:44 [main] INFO  BaseTest - chrome driver instance created
2025-10-30 10:57:44 [main] INFO  BaseTest - window maximized
2025-10-30 10:57:47 [main] INFO  BaseTest - opens the App URL
2025-10-30 10:57:59 [main] INFO  BaseTest - webdriver closed successfully
2025-10-30 10:57:59 [main] INFO  ExtentreportManager - flushing extent report
2025-10-30 11:38:05 [main] INFO  BaseTest - conig.properties file loadded successfully
2025-10-30 11:38:09 [main] INFO  BaseTest - chrome driver instance created
2025-10-30 11:38:09 [main] INFO  BaseTest - window maximized
2025-10-30 11:38:13 [main] INFO  BaseTest - opens the App URL
2025-10-30 11:38:16 [main] INFO  BasePage - applied the border with colour- red to elementBy.id: LastName
2025-10-30 11:38:18 [main] INFO  RegistrationTest - registration successfull
2025-10-30 11:38:24 [main] INFO  BaseTest - webdriver closed successfully
2025-10-30 11:38:24 [main] INFO  ExtentreportManager - flushing extent report
2025-10-30 12:44:21 [main] INFO  BaseTest - conig.properties file loadded successfully
2025-10-30 12:44:33 [main] INFO  BaseTest - chrome driver instance created
2025-10-30 12:44:34 [main] INFO  BaseTest - window maximized
2025-10-30 12:44:36 [main] INFO  BaseTest - opens the App URL
2025-10-30 12:44:40 [main] INFO  BasePage - applied the border with colour- red to elementBy.id: LastName
2025-10-30 12:44:43 [main] INFO  RegistrationTest - registration successfull
2025-10-30 12:44:52 [main] INFO  BaseTest - webdriver closed successfully
2025-11-20 17:57:41 [main] INFO  BaseTest - conig.properties file loadded successfully
2025-11-20 17:58:10 [main] INFO  BaseTest - chrome driver instance created
2025-11-20 17:58:10 [main] INFO  BaseTest - window maximized
2025-11-20 17:58:13 [main] INFO  BaseTest - opens the App URL
2025-11-20 17:58:16 [main] INFO  BasePage - applied the border with colour- red to elementBy.id: LastName
2025-11-20 17:58:20 [main] INFO  RegistrationTest - registration successfull
2025-11-20 17:58:26 [main] INFO  BaseTest - webdriver closed successfully
2025-11-20 18:10:09 [main] INFO  BaseTest - conig.properties file loadded successfully
2025-11-20 18:10:13 [main] INFO  BaseTest - chrome driver instance created
2025-11-20 18:10:13 [main] INFO  BaseTest - window maximized
2025-11-20 18:10:15 [main] INFO  BaseTest - opens the App URL
2025-11-20 18:10:29 [main] INFO  BaseTest - webdriver closed successfully
2025-11-20 18:13:20 [main] INFO  BaseTest - conig.properties file loadded successfully
2025-11-20 18:13:22 [main] INFO  BaseTest - chrome driver instance created
2025-11-20 18:13:23 [main] INFO  BaseTest - window maximized
2025-11-20 18:13:25 [main] INFO  BaseTest - opens the App URL
2025-11-20 18:13:40 [main] INFO  BaseTest - webdriver closed successfully
2025-11-20 18:13:40 [main] INFO  ExtentreportManager - flushing extent report
2025-11-20 19:00:59 [main] INFO  BaseTest - conig.properties file loadded successfully
2025-11-20 19:01:12 [main] INFO  BaseTest - chrome driver instance created
2025-11-20 19:01:12 [main] INFO  BaseTest - window maximized
2025-11-20 19:01:14 [main] INFO  BaseTest - opens the App URL
2025-11-20 19:01:15 [main] INFO  BaseTest - webdriver closed successfully
2025-11-20 19:01:15 [main] INFO  ExtentreportManager - flushing extent report
2025-11-20 19:07:51 [main] INFO  BaseTest - conig.properties file loadded successfully
2025-11-20 19:07:56 [main] INFO  BaseTest - chrome driver instance created
2025-11-20 19:07:56 [main] INFO  BaseTest - window maximized
2025-11-20 19:07:59 [main] INFO  BaseTest - opens the App URL
2025-11-20 19:08:01 [main] INFO  BaseTest - webdriver closed successfully
2025-11-20 19:08:01 [main] INFO  ExtentreportManager - flushing extent report
2025-11-20 19:09:08 [main] INFO  BaseTest - conig.properties file loadded successfully
2025-11-20 19:09:15 [main] INFO  BaseTest - chrome driver instance created
2025-11-20 19:09:15 [main] INFO  BaseTest - window maximized
2025-11-20 19:09:17 [main] INFO  BaseTest - opens the App URL
2025-11-20 19:09:37 [main] INFO  BaseTest - webdriver closed successfully
2025-11-20 19:09:37 [main] INFO  ExtentreportManager - flushing extent report
2025-11-20 19:11:06 [main] INFO  BaseTest - conig.properties file loadded successfully
2025-11-20 19:11:12 [main] INFO  BaseTest - chrome driver instance created
2025-11-20 19:11:12 [main] INFO  BaseTest - window maximized
2025-11-20 19:11:14 [main] INFO  BaseTest - opens the App URL
2025-11-20 19:11:19 [main] INFO  BasePage - applied the border with colour- red to elementBy.id: LastName
2025-11-20 19:11:33 [main] INFO  BaseTest - webdriver closed successfully
2025-11-20 19:11:33 [main] INFO  ExtentreportManager - flushing extent report
2025-11-20 19:12:50 [main] INFO  BaseTest - conig.properties file loadded successfully
2025-11-20 19:12:54 [main] INFO  BaseTest - chrome driver instance created
2025-11-20 19:12:54 [main] INFO  BaseTest - window maximized
2025-11-20 19:12:55 [main] INFO  BaseTest - opens the App URL
2025-11-20 19:13:01 [main] INFO  BasePage - applied the border with colour- red to elementBy.id: LastName
2025-11-20 19:13:22 [main] INFO  BaseTest - webdriver closed successfully
2025-11-20 19:13:22 [main] INFO  ExtentreportManager - flushing extent report
2025-11-24 10:17:29 [main] INFO  BaseTest - conig.properties file loadded successfully
2025-11-24 10:17:37 [main] INFO  BaseTest - chrome driver instance created
2025-11-24 10:17:37 [main] INFO  BaseTest - window maximized
2025-11-24 10:17:38 [main] INFO  BaseTest - opens the App URL
2025-11-24 10:17:52 [main] INFO  BaseTest - webdriver closed successfully
2025-11-24 10:26:29 [main] INFO  BaseTest - conig.properties file loadded successfully
2025-11-24 10:26:32 [main] INFO  BaseTest - chrome driver instance created
2025-11-24 10:26:33 [main] INFO  BaseTest - window maximized
2025-11-24 10:26:33 [main] INFO  BaseTest - opens the App URL
2025-11-24 10:26:57 [main] INFO  BaseTest - webdriver closed successfully
2025-11-24 10:27:19 [main] INFO  BaseTest - conig.properties file loadded successfully
2025-11-24 10:27:21 [main] INFO  BaseTest - chrome driver instance created
2025-11-24 10:27:21 [main] INFO  BaseTest - window maximized
2025-11-24 10:27:22 [main] INFO  BaseTest - opens the App URL
2025-11-24 10:27:52 [main] INFO  BaseTest - webdriver closed successfully
2025-11-24 10:31:44 [main] INFO  BaseTest - conig.properties file loadded successfully
2025-11-24 10:31:48 [main] INFO  BaseTest - chrome driver instance created
2025-11-24 10:31:48 [main] INFO  BaseTest - window maximized
2025-11-24 10:31:49 [main] INFO  BaseTest - opens the App URL
2025-11-24 10:32:17 [main] INFO  BaseTest - webdriver closed successfully
2025-11-24 10:33:55 [main] INFO  BaseTest - conig.properties file loadded successfully
2025-11-24 10:33:59 [main] INFO  BaseTest - chrome driver instance created
2025-11-24 10:33:59 [main] INFO  BaseTest - window maximized
2025-11-24 10:34:01 [main] INFO  BaseTest - opens the App URL
2025-11-24 10:34:24 [main] INFO  BaseTest - webdriver closed successfully
2025-11-24 10:37:42 [main] INFO  BaseTest - conig.properties file loadded successfully
2025-11-24 10:37:47 [main] INFO  BaseTest - chrome driver instance created
2025-11-24 10:37:47 [main] INFO  BaseTest - window maximized
2025-11-24 10:37:49 [main] INFO  BaseTest - opens the App URL
2025-11-24 10:38:25 [main] INFO  BaseTest - webdriver closed successfully
2025-11-24 10:39:32 [main] INFO  BaseTest - conig.properties file loadded successfully
2025-11-24 10:39:36 [main] INFO  BaseTest - chrome driver instance created
2025-11-24 10:39:36 [main] INFO  BaseTest - window maximized
2025-11-24 10:39:38 [main] INFO  BaseTest - opens the App URL
2025-11-24 10:40:17 [main] INFO  BaseTest - webdriver closed successfully
2025-11-24 10:43:18 [main] INFO  BaseTest - conig.properties file loadded successfully
2025-11-24 10:43:21 [main] INFO  BaseTest - chrome driver instance created
2025-11-24 10:43:22 [main] INFO  BaseTest - window maximized
2025-11-24 10:43:23 [main] INFO  BaseTest - opens the App URL
2025-11-24 10:43:35 [main] INFO  BaseTest - webdriver closed successfully
2025-11-24 10:43:59 [main] INFO  BaseTest - conig.properties file loadded successfully
2025-11-24 10:44:03 [main] INFO  BaseTest - chrome driver instance created
2025-11-24 10:44:03 [main] INFO  BaseTest - window maximized
2025-11-24 10:44:04 [main] INFO  BaseTest - opens the App URL
2025-11-24 10:44:10 [main] INFO  BasePage - applied the border with colour- red to elementBy.id: LastName
2025-11-24 10:44:24 [main] INFO  BaseTest - webdriver closed successfully
2025-12-04 11:31:57 [main] INFO  BaseTest - conig.properties file loadded successfully
2025-12-04 11:32:08 [main] INFO  BaseTest - chrome driver instance created
2025-12-04 11:32:08 [main] INFO  BaseTest - window maximized
2025-12-04 11:32:12 [main] INFO  BaseTest - opens the App URL
2025-12-04 11:32:12 [main] INFO  RegistrationTest - clicked on gender button
2025-12-04 11:32:13 [main] INFO  RegistrationTest - entered first name
2025-12-04 11:32:13 [main] INFO  BasePage - applied the border with colour- red to elementBy.id: LastName
2025-12-04 11:32:13 [main] INFO  RegistrationTest - entered lastname
2025-12-04 11:32:13 [main] INFO  RegistrationTest - entered email
2025-12-04 11:32:14 [main] INFO  RegistrationTest - Entered company name
2025-12-04 11:32:14 [main] INFO  RegistrationTest - entered password
2025-12-04 11:32:14 [main] INFO  RegistrationTest - entered conform password
2025-12-04 11:32:18 [main] INFO  RegistrationTest - clicked on signup button
2025-12-04 11:32:30 [main] INFO  BaseTest - webdriver closed successfully
2025-12-26 06:04:24 [main] INFO  BaseTest - conig.properties file loadded successfully
2025-12-26 06:05:09 [main] INFO  BaseTest - chrome driver instance created
2025-12-26 06:05:09 [main] INFO  BaseTest - window maximized
2025-12-26 06:05:10 [main] INFO  BaseTest - opens the App URL
2025-12-26 06:05:21 [main] INFO  BaseTest - webdriver closed successfully
2025-12-31 06:42:19 [main] INFO  BaseTest - conig.properties file loadded successfully
2025-12-31 06:42:25 [main] INFO  BaseTest - chrome driver instance created
2025-12-31 06:42:25 [main] INFO  BaseTest - window maximized
2025-12-31 06:42:27 [main] INFO  BaseTest - opens the App URL
2025-12-31 06:42:27 [main] INFO  BaseTest - conig.properties file loadded successfully
2025-12-31 06:42:29 [main] INFO  BaseTest - chrome driver instance created
2025-12-31 06:42:29 [main] INFO  BaseTest - window maximized
2025-12-31 06:42:31 [main] INFO  BaseTest - opens the App URL
